<?xml version="1.0" encoding="UTF-8"?>
<!-- Generated by org.testng.reporters.JUnitXMLReporter -->
<testsuite ignored="4" hostname="LAPTOP-JHAG7K6N" failures="0" tests="3" name="Automation Tests" time="14.376" errors="0" timestamp="2023-02-07T22:24:17 IST">
  <testcase classname="com.auto.qa.tests.LoginPageTests" name="testdataprovidertest" time="0.004"/>
  <testcase classname="com.auto.qa.tests.LoginPageTests" name="testdataprovidertest" time="0.002"/>
  <testcase classname="com.auto.qa.tests.LoginPageTests" name="testdataprovidertest" time="0.004"/>
  <testcase classname="com.auto.qa.tests.LoginPageTests" name="groupTest2" time="0.0">
    <ignored/>
  </testcase> <!-- groupTest2 -->
  <testcase classname="com.auto.qa.tests.LoginPageTests" name="verifyNavigateToCartPage" time="0.0">
    <ignored/>
  </testcase> <!-- verifyNavigateToCartPage -->
  <testcase classname="com.auto.qa.tests.LoginPageTests" name="groupTest" time="0.0">
    <ignored/>
  </testcase> <!-- groupTest -->
  <testcase classname="com.auto.qa.tests.LoginPageTests" name="verifyNavigateToHomePage" time="0.0">
    <ignored/>
  </testcase> <!-- verifyNavigateToHomePage -->
</testsuite> <!-- Automation Tests -->
