<?xml version="1.0" encoding="UTF-8"?>
<testng-results ignored="4" total="7" passed="3" failed="0" skipped="0">
  <reporter-output>
  </reporter-output>
  <suite started-at="2023-02-09T19:45:16 IST" name="Suite" finished-at="2023-02-09T19:45:30 IST" duration-ms="14494">
    <groups>
    </groups>
    <test started-at="2023-02-09T19:45:16 IST" name="Test" finished-at="2023-02-09T19:45:30 IST" duration-ms="14494">
      <class name="com.auto.qa.tests.LoginPageTests">
        <test-method is-config="true" signature="setup()[pri:0, instance:com.auto.qa.tests.LoginPageTests@5f058f00]" started-at="2023-02-09T19:45:16 IST" name="setup" finished-at="2023-02-09T19:45:22 IST" duration-ms="5320" status="PASS">
          <reporter-output>
          </reporter-output>
        </test-method> <!-- setup -->
        <test-method signature="testdataprovidertest(java.lang.String,java.lang.String,java.lang.String)[pri:0, instance:com.auto.qa.tests.LoginPageTests@5f058f00]" started-at="2023-02-09T19:45:22 IST" name="testdataprovidertest" data-provider="getTestDataProvider" finished-at="2023-02-09T19:45:22 IST" duration-ms="0" status="PASS">
          <params>
            <param index="0">
              <value>
                <![CDATA[Name]]>
              </value>
            </param>
            <param index="1">
              <value>
                <![CDATA[Age]]>
              </value>
            </param>
            <param index="2">
              <value>
                <![CDATA[Role]]>
              </value>
            </param>
          </params>
          <reporter-output>
          </reporter-output>
        </test-method> <!-- testdataprovidertest -->
        <test-method is-config="true" signature="tearDown()[pri:0, instance:com.auto.qa.tests.LoginPageTests@5f058f00]" started-at="2023-02-09T19:45:22 IST" name="tearDown" finished-at="2023-02-09T19:45:22 IST" duration-ms="190" status="PASS">
          <reporter-output>
          </reporter-output>
        </test-method> <!-- tearDown -->
        <test-method is-config="true" signature="setup()[pri:0, instance:com.auto.qa.tests.LoginPageTests@5f058f00]" started-at="2023-02-09T19:45:22 IST" name="setup" finished-at="2023-02-09T19:45:26 IST" duration-ms="3674" status="PASS">
          <reporter-output>
          </reporter-output>
        </test-method> <!-- setup -->
        <test-method signature="testdataprovidertest(java.lang.String,java.lang.String,java.lang.String)[pri:0, instance:com.auto.qa.tests.LoginPageTests@5f058f00]" started-at="2023-02-09T19:45:26 IST" name="testdataprovidertest" data-provider="getTestDataProvider" finished-at="2023-02-09T19:45:26 IST" duration-ms="0" status="PASS">
          <params>
            <param index="0">
              <value>
                <![CDATA[Harish]]>
              </value>
            </param>
            <param index="1">
              <value>
                <![CDATA[25.0]]>
              </value>
            </param>
            <param index="2">
              <value>
                <![CDATA[Admin]]>
              </value>
            </param>
          </params>
          <reporter-output>
          </reporter-output>
        </test-method> <!-- testdataprovidertest -->
        <test-method is-config="true" signature="tearDown()[pri:0, instance:com.auto.qa.tests.LoginPageTests@5f058f00]" started-at="2023-02-09T19:45:26 IST" name="tearDown" finished-at="2023-02-09T19:45:26 IST" duration-ms="172" status="PASS">
          <reporter-output>
          </reporter-output>
        </test-method> <!-- tearDown -->
        <test-method is-config="true" signature="setup()[pri:0, instance:com.auto.qa.tests.LoginPageTests@5f058f00]" started-at="2023-02-09T19:45:26 IST" name="setup" finished-at="2023-02-09T19:45:30 IST" duration-ms="4379" status="PASS">
          <reporter-output>
          </reporter-output>
        </test-method> <!-- setup -->
        <test-method signature="testdataprovidertest(java.lang.String,java.lang.String,java.lang.String)[pri:0, instance:com.auto.qa.tests.LoginPageTests@5f058f00]" started-at="2023-02-09T19:45:30 IST" name="testdataprovidertest" data-provider="getTestDataProvider" finished-at="2023-02-09T19:45:30 IST" duration-ms="2" status="PASS">
          <params>
            <param index="0">
              <value>
                <![CDATA[Pavan]]>
              </value>
            </param>
            <param index="1">
              <value>
                <![CDATA[22.0]]>
              </value>
            </param>
            <param index="2">
              <value>
                <![CDATA[QA]]>
              </value>
            </param>
          </params>
          <reporter-output>
          </reporter-output>
        </test-method> <!-- testdataprovidertest -->
        <test-method is-config="true" signature="tearDown()[pri:0, instance:com.auto.qa.tests.LoginPageTests@5f058f00]" started-at="2023-02-09T19:45:30 IST" name="tearDown" finished-at="2023-02-09T19:45:30 IST" duration-ms="178" status="PASS">
          <reporter-output>
          </reporter-output>
        </test-method> <!-- tearDown -->
      </class> <!-- com.auto.qa.tests.LoginPageTests -->
    </test> <!-- Test -->
  </suite> <!-- Suite -->
</testng-results>
