<?xml version="1.0" encoding="UTF-8"?>
<!-- Generated by org.testng.reporters.JUnitXMLReporter -->
<testsuite ignored="4" hostname="LAPTOP-JHAG7K6N" failures="0" tests="3" name="Test" time="12.088" errors="0" timestamp="2023-02-08T22:27:11 IST">
  <testcase classname="com.auto.qa.tests.LoginPageTests" name="testdataprovidertest" time="0.005"/>
  <testcase classname="com.auto.qa.tests.LoginPageTests" name="testdataprovidertest" time="0.001"/>
  <testcase classname="com.auto.qa.tests.LoginPageTests" name="testdataprovidertest" time="0.001"/>
  <testcase classname="com.auto.qa.tests.LoginPageTests" name="groupTest2" time="0.0">
    <ignored/>
  </testcase> <!-- groupTest2 -->
  <testcase classname="com.auto.qa.tests.LoginPageTests" name="groupTest" time="0.0">
    <ignored/>
  </testcase> <!-- groupTest -->
  <testcase classname="com.auto.qa.tests.LoginPageTests" name="verifyNavigateToHomePage" time="0.0">
    <ignored/>
  </testcase> <!-- verifyNavigateToHomePage -->
  <testcase classname="com.auto.qa.tests.LoginPageTests" name="verifyNavigateToCartPage" time="0.0">
    <ignored/>
  </testcase> <!-- verifyNavigateToCartPage -->
</testsuite> <!-- Test -->
